# JRE version: OpenJDK Runtime Environment 18.9 (11.0.14+9) (build 11.0.14+9-LTS)
# Java VM: OpenJDK 64-Bit Server VM 18.9 (11.0.14+9-LTS, mixed mode, sharing, tiered, compressed oops, serial gc, linux-amd64)
Heap:
 def new generation   total 39424K, used 12617K [0x00000000e0000000, 0x00000000e2ac0000, 0x00000000eaaa0000)
  eden space 35072K,  33% used [0x00000000e0000000, 0x00000000e0b76680, 0x00000000e2240000)
  from space 4352K,  20% used [0x00000000e2240000, 0x00000000e231c000, 0x00000000e2680000)
  to   space 4352K,   0% used [0x00000000e2680000, 0x00000000e2680000, 0x00000000e2ac0000)
 tenured generation   total 87424K, used 27224K [0x00000000eaaa0000, 0x00000000f0000000, 0x0000000100000000)
   the space 87424K,  31% used [0x00000000eaaa0000, 0x00000000ec536240, 0x00000000ec536400, 0x00000000f0000000)
 Metaspace       used 45271K, capacity 47308K, committed 47784K, reserved 1091584K
  class space    used 5455K, capacity 6291K, committed 6400K, reserved 1048576K
GC Heap History (20 events):
Event: 4.019 GC heap before
{Heap before GC invocations=8 (full 2):
 def new generation   total 39424K, used 36351K [0x00000000e0000000, 0x00000000e2ac0000, 0x00000000eaaa0000)
  eden space 35072K, 100% used [0x00000000e0000000, 0x00000000e2240000, 0x00000000e2240000)
  from space 4352K,  29% used [0x00000000e2240000, 0x00000000e237fcd8, 0x00000000e2680000)
  to   space 4352K,   0% used [0x00000000e2680000, 0x00000000e2680000, 0x00000000e2ac0000)
 tenured generation   total 87424K, used 13805K [0x00000000eaaa0000, 0x00000000f0000000, 0x0000000100000000)
   the space 87424K,  15% used [0x00000000eaaa0000, 0x00000000eb81b740, 0x00000000eb81b800, 0x00000000f0000000)
 Metaspace       used 35196K, capacity 36284K, committed 36648K, reserved 1081344K
  class space    used 4395K, capacity 4911K, committed 4992K, reserved 1048576K
}
Event: 4.022 GC heap after
{Heap after GC invocations=9 (full 2):
 def new generation   total 39424K, used 1648K [0x00000000e0000000, 0x00000000e2ac0000, 0x00000000eaaa0000)
  eden space 35072K,   0% used [0x00000000e0000000, 0x00000000e0000000, 0x00000000e2240000)
  from space 4352K,  37% used [0x00000000e2680000, 0x00000000e281c198, 0x00000000e2ac0000)
  to   space 4352K,   0% used [0x00000000e2240000, 0x00000000e2240000, 0x00000000e2680000)
 tenured generation   total 87424K, used 13805K [0x00000000eaaa0000, 0x00000000f0000000, 0x0000000100000000)
   the space 87424K,  15% used [0x00000000eaaa0000, 0x00000000eb81b740, 0x00000000eb81b800, 0x00000000f0000000)
 Metaspace       used 35196K, capacity 36284K, committed 36648K, reserved 1081344K
  class space    used 4395K, capacity 4911K, committed 4992K, reserved 1048576K
}
Event: 4.133 GC heap before
{Heap before GC invocations=9 (full 2):
 def new generation   total 39424K, used 36720K [0x00000000e0000000, 0x00000000e2ac0000, 0x00000000eaaa0000)
  eden space 35072K, 100% used [0x00000000e0000000, 0x00000000e2240000, 0x00000000e2240000)
  from space 4352K,  37% used [0x00000000e2680000, 0x00000000e281c198, 0x00000000e2ac0000)
  to   space 4352K,   0% used [0x00000000e2240000, 0x00000000e2240000, 0x00000000e2680000)
 tenured generation   total 87424K, used 13805K [0x00000000eaaa0000, 0x00000000f0000000, 0x0000000100000000)
   the space 87424K,  15% used [0x00000000eaaa0000, 0x00000000eb81b740, 0x00000000eb81b800, 0x00000000f0000000)
 Metaspace       used 35333K, capacity 36412K, committed 36904K, reserved 1081344K
  class space    used 4399K, capacity 4911K, committed 4992K, reserved 1048576K
}
Event: 4.136 GC heap after
{Heap after GC invocations=10 (full 2):
 def new generation   total 39424K, used 2202K [0x00000000e0000000, 0x00000000e2ac0000, 0x00000000eaaa0000)
  eden space 35072K,   0% used [0x00000000e0000000, 0x00000000e0000000, 0x00000000e2240000)
  from space 4352K,  50% used [0x00000000e2240000, 0x00000000e2466b18, 0x00000000e2680000)
  to   space 4352K,   0% used [0x00000000e2680000, 0x00000000e2680000, 0x00000000e2ac0000)
 tenured generation   total 87424K, used 13805K [0x00000000eaaa0000, 0x00000000f0000000, 0x0000000100000000)
   the space 87424K,  15% used [0x00000000eaaa0000, 0x00000000eb81b740, 0x00000000eb81b800, 0x00000000f0000000)
 Metaspace       used 35333K, capacity 36412K, committed 36904K, reserved 1081344K
  class space    used 4399K, capacity 4911K, committed 4992K, reserved 1048576K
}
Event: 4.207 GC heap before
{Heap before GC invocations=10 (full 2):
 def new generation   total 39424K, used 37274K [0x00000000e0000000, 0x00000000e2ac0000, 0x00000000eaaa0000)
  eden space 35072K, 100% used [0x00000000e0000000, 0x00000000e2240000, 0x00000000e2240000)
  from space 4352K,  50% used [0x00000000e2240000, 0x00000000e2466b18, 0x00000000e2680000)
  to   space 4352K,   0% used [0x00000000e2680000, 0x00000000e2680000, 0x00000000e2ac0000)
 tenured generation   total 87424K, used 13805K [0x00000000eaaa0000, 0x00000000f0000000, 0x0000000100000000)
   the space 87424K,  15% used [0x00000000eaaa0000, 0x00000000eb81b740, 0x00000000eb81b800, 0x00000000f0000000)
 Metaspace       used 35400K, capacity 36476K, committed 36904K, reserved 1081344K
  class space    used 4400K, capacity 4911K, committed 4992K, reserved 1048576K
}
Event: 4.213 GC heap after
{Heap after GC invocations=11 (full 2):
 def new generation   total 39424K, used 1954K [0x00000000e0000000, 0x00000000e2ac0000, 0x00000000eaaa0000)
  eden space 35072K,   0% used [0x00000000e0000000, 0x00000000e0000000, 0x00000000e2240000)
  from space 4352K,  44% used [0x00000000e2680000, 0x00000000e2868a00, 0x00000000e2ac0000)
  to   space 4352K,   0% used [0x00000000e2240000, 0x00000000e2240000, 0x00000000e2680000)
 tenured generation   total 87424K, used 14249K [0x00000000eaaa0000, 0x00000000f0000000, 0x0000000100000000)
   the space 87424K,  16% used [0x00000000eaaa0000, 0x00000000eb88a460, 0x00000000eb88a600, 0x00000000f0000000)
 Metaspace       used 35400K, capacity 36476K, committed 36904K, reserved 1081344K
  class space    used 4400K, capacity 4911K, committed 4992K, reserved 1048576K
}
Event: 4.293 GC heap before
{Heap before GC invocations=11 (full 2):
 def new generation   total 39424K, used 37026K [0x00000000e0000000, 0x00000000e2ac0000, 0x00000000eaaa0000)
  eden space 35072K, 100% used [0x00000000e0000000, 0x00000000e2240000, 0x00000000e2240000)
  from space 4352K,  44% used [0x00000000e2680000, 0x00000000e2868a00, 0x00000000e2ac0000)
  to   space 4352K,   0% used [0x00000000e2240000, 0x00000000e2240000, 0x00000000e2680000)
 tenured generation   total 87424K, used 14249K [0x00000000eaaa0000, 0x00000000f0000000, 0x0000000100000000)
   the space 87424K,  16% used [0x00000000eaaa0000, 0x00000000eb88a460, 0x00000000eb88a600, 0x00000000f0000000)
 Metaspace       used 35476K, capacity 36540K, committed 36904K, reserved 1081344K
  class space    used 4402K, capacity 4911K, committed 4992K, reserved 1048576K
}
Event: 4.297 GC heap after
{Heap after GC invocations=12 (full 2):
 def new generation   total 39424K, used 2140K [0x00000000e0000000, 0x00000000e2ac0000, 0x00000000eaaa0000)
  eden space 35072K,   0% used [0x00000000e0000000, 0x00000000e0000000, 0x00000000e2240000)
  from space 4352K,  49% used [0x00000000e2240000, 0x00000000e2457368, 0x00000000e2680000)
  to   space 4352K,   0% used [0x00000000e2680000, 0x00000000e2680000, 0x00000000e2ac0000)
 tenured generation   total 87424K, used 14249K [0x00000000eaaa0000, 0x00000000f0000000, 0x0000000100000000)
   the space 87424K,  16% used [0x00000000eaaa0000, 0x00000000eb88a460, 0x00000000eb88a600, 0x00000000f0000000)
 Metaspace       used 35476K, capacity 36540K, committed 36904K, reserved 1081344K
  class space    used 4402K, capacity 4911K, committed 4992K, reserved 1048576K
}
Event: 4.362 GC heap before
{Heap before GC invocations=12 (full 2):
 def new generation   total 39424K, used 37212K [0x00000000e0000000, 0x00000000e2ac0000, 0x00000000eaaa0000)
  eden space 35072K, 100% used [0x00000000e0000000, 0x00000000e2240000, 0x00000000e2240000)
  from space 4352K,  49% used [0x00000000e2240000, 0x00000000e2457368, 0x00000000e2680000)
  to   space 4352K,   0% used [0x00000000e2680000, 0x00000000e2680000, 0x00000000e2ac0000)
 tenured generation   total 87424K, used 14249K [0x00000000eaaa0000, 0x00000000f0000000, 0x0000000100000000)
   the space 87424K,  16% used [0x00000000eaaa0000, 0x00000000eb88a460, 0x00000000eb88a600, 0x00000000f0000000)
 Metaspace       used 35566K, capacity 36668K, committed 37160K, reserved 1081344K
  class space    used 4404K, capacity 4911K, committed 4992K, reserved 1048576K
}
Event: 4.366 GC heap after
{Heap after GC invocations=13 (full 2):
 def new generation   total 39424K, used 2612K [0x00000000e0000000, 0x00000000e2ac0000, 0x00000000eaaa0000)
  eden space 35072K,   0% used [0x00000000e0000000, 0x00000000e0000000, 0x00000000e2240000)
  from space 4352K,  60% used [0x00000000e2680000, 0x00000000e290d2f8, 0x00000000e2ac0000)
  to   space 4352K,   0% used [0x00000000e2240000, 0x00000000e2240000, 0x00000000e2680000)
 tenured generation   total 87424K, used 14249K [0x00000000eaaa0000, 0x00000000f0000000, 0x0000000100000000)
   the space 87424K,  16% used [0x00000000eaaa0000, 0x00000000eb88a460, 0x00000000eb88a600, 0x00000000f0000000)
 Metaspace       used 35566K, capacity 36668K, committed 37160K, reserved 1081344K
  class space    used 4404K, capacity 4911K, committed 4992K, reserved 1048576K
}
Event: 4.421 GC heap before
{Heap before GC invocations=13 (full 2):
 def new generation   total 39424K, used 37684K [0x00000000e0000000, 0x00000000e2ac0000, 0x00000000eaaa0000)
  eden space 35072K, 100% used [0x00000000e0000000, 0x00000000e2240000, 0x00000000e2240000)
  from space 4352K,  60% used [0x00000000e2680000, 0x00000000e290d2f8, 0x00000000e2ac0000)
  to   space 4352K,   0% used [0x00000000e2240000, 0x00000000e2240000, 0x00000000e2680000)
 tenured generation   total 87424K, used 14249K [0x00000000eaaa0000, 0x00000000f0000000, 0x0000000100000000)
   the space 87424K,  16% used [0x00000000eaaa0000, 0x00000000eb88a460, 0x00000000eb88a600, 0x00000000f0000000)
 Metaspace       used 35606K, capacity 36668K, committed 37160K, reserved 1081344K
  class space    used 4405K, capacity 4911K, committed 4992K, reserved 1048576K
}
Event: 4.426 GC heap after
{Heap after GC invocations=14 (full 2):
 def new generation   total 39424K, used 2570K [0x00000000e0000000, 0x00000000e2ac0000, 0x00000000eaaa0000)
  eden space 35072K,   0% used [0x00000000e0000000, 0x00000000e0000000, 0x00000000e2240000)
  from space 4352K,  59% used [0x00000000e2240000, 0x00000000e24c2820, 0x00000000e2680000)
  to   space 4352K,   0% used [0x00000000e2680000, 0x00000000e2680000, 0x00000000e2ac0000)
 tenured generation   total 87424K, used 14711K [0x00000000eaaa0000, 0x00000000f0000000, 0x0000000100000000)
   the space 87424K,  16% used [0x00000000eaaa0000, 0x00000000eb8fdda8, 0x00000000eb8fde00, 0x00000000f0000000)
 Metaspace       used 35606K, capacity 36668K, committed 37160K, reserved 1081344K
  class space    used 4405K, capacity 4911K, committed 4992K, reserved 1048576K
}
Event: 4.944 GC heap before
{Heap before GC invocations=14 (full 2):
 def new generation   total 39424K, used 37642K [0x00000000e0000000, 0x00000000e2ac0000, 0x00000000eaaa0000)
  eden space 35072K, 100% used [0x00000000e0000000, 0x00000000e2240000, 0x00000000e2240000)
  from space 4352K,  59% used [0x00000000e2240000, 0x00000000e24c2820, 0x00000000e2680000)
  to   space 4352K,   0% used [0x00000000e2680000, 0x00000000e2680000, 0x00000000e2ac0000)
 tenured generation   total 87424K, used 14711K [0x00000000eaaa0000, 0x00000000f0000000, 0x0000000100000000)
   the space 87424K,  16% used [0x00000000eaaa0000, 0x00000000eb8fdda8, 0x00000000eb8fde00, 0x00000000f0000000)
 Metaspace       used 37454K, capacity 38568K, committed 38952K, reserved 1083392K
  class space    used 4690K, capacity 5223K, committed 5248K, reserved 1048576K
}
Event: 4.950 GC heap after
{Heap after GC invocations=15 (full 2):
 def new generation   total 39424K, used 2453K [0x00000000e0000000, 0x00000000e2ac0000, 0x00000000eaaa0000)
  eden space 35072K,   0% used [0x00000000e0000000, 0x00000000e0000000, 0x00000000e2240000)
  from space 4352K,  56% used [0x00000000e2680000, 0x00000000e28e5668, 0x00000000e2ac0000)
  to   space 4352K,   0% used [0x00000000e2240000, 0x00000000e2240000, 0x00000000e2680000)
 tenured generation   total 87424K, used 15414K [0x00000000eaaa0000, 0x00000000f0000000, 0x0000000100000000)
   the space 87424K,  17% used [0x00000000eaaa0000, 0x00000000eb9adac0, 0x00000000eb9adc00, 0x00000000f0000000)
 Metaspace       used 37454K, capacity 38568K, committed 38952K, reserved 1083392K
  class space    used 4690K, capacity 5223K, committed 5248K, reserved 1048576K
}
Event: 5.823 GC heap before
{Heap before GC invocations=15 (full 2):
 def new generation   total 39424K, used 37525K [0x00000000e0000000, 0x00000000e2ac0000, 0x00000000eaaa0000)
  eden space 35072K, 100% used [0x00000000e0000000, 0x00000000e2240000, 0x00000000e2240000)
  from space 4352K,  56% used [0x00000000e2680000, 0x00000000e28e5668, 0x00000000e2ac0000)
  to   space 4352K,   0% used [0x00000000e2240000, 0x00000000e2240000, 0x00000000e2680000)
 tenured generation   total 87424K, used 15414K [0x00000000eaaa0000, 0x00000000f0000000, 0x0000000100000000)
   the space 87424K,  17% used [0x00000000eaaa0000, 0x00000000eb9adac0, 0x00000000eb9adc00, 0x00000000f0000000)
 Metaspace       used 40478K, capacity 41856K, committed 42024K, reserved 1085440K
  class space    used 5075K, capacity 5712K, committed 5760K, reserved 1048576K
}
Event: 5.837 GC heap after
{Heap after GC invocations=16 (full 2):
 def new generation   total 39424K, used 4352K [0x00000000e0000000, 0x00000000e2ac0000, 0x00000000eaaa0000)
  eden space 35072K,   0% used [0x00000000e0000000, 0x00000000e0000000, 0x00000000e2240000)
  from space 4352K, 100% used [0x00000000e2240000, 0x00000000e2680000, 0x00000000e2680000)
  to   space 4352K,   0% used [0x00000000e2680000, 0x00000000e2680000, 0x00000000e2ac0000)
 tenured generation   total 87424K, used 20223K [0x00000000eaaa0000, 0x00000000f0000000, 0x0000000100000000)
   the space 87424K,  23% used [0x00000000eaaa0000, 0x00000000ebe5fd98, 0x00000000ebe5fe00, 0x00000000f0000000)
 Metaspace       used 40478K, capacity 41856K, committed 42024K, reserved 1085440K
  class space    used 5075K, capacity 5712K, committed 5760K, reserved 1048576K
}
Event: 347.757 GC heap before
{Heap before GC invocations=16 (full 2):
 def new generation   total 39424K, used 39424K [0x00000000e0000000, 0x00000000e2ac0000, 0x00000000eaaa0000)
  eden space 35072K, 100% used [0x00000000e0000000, 0x00000000e2240000, 0x00000000e2240000)
  from space 4352K, 100% used [0x00000000e2240000, 0x00000000e2680000, 0x00000000e2680000)
  to   space 4352K,   0% used [0x00000000e2680000, 0x00000000e2680000, 0x00000000e2ac0000)
 tenured generation   total 87424K, used 20223K [0x00000000eaaa0000, 0x00000000f0000000, 0x0000000100000000)
   the space 87424K,  23% used [0x00000000eaaa0000, 0x00000000ebe5fd98, 0x00000000ebe5fe00, 0x00000000f0000000)
 Metaspace       used 44399K, capacity 46446K, committed 46760K, reserved 1089536K
  class space    used 5455K, capacity 6291K, committed 6400K, reserved 1048576K
}
Event: 347.772 GC heap after
{Heap after GC invocations=17 (full 2):
 def new generation   total 39424K, used 2883K [0x00000000e0000000, 0x00000000e2ac0000, 0x00000000eaaa0000)
  eden space 35072K,   0% used [0x00000000e0000000, 0x00000000e0000000, 0x00000000e2240000)
  from space 4352K,  66% used [0x00000000e2680000, 0x00000000e2950de8, 0x00000000e2ac0000)
  to   space 4352K,   0% used [0x00000000e2240000, 0x00000000e2240000, 0x00000000e2680000)
 tenured generation   total 87424K, used 24532K [0x00000000eaaa0000, 0x00000000f0000000, 0x0000000100000000)
   the space 87424K,  28% used [0x00000000eaaa0000, 0x00000000ec295068, 0x00000000ec295200, 0x00000000f0000000)
 Metaspace       used 44399K, capacity 46446K, committed 46760K, reserved 1089536K
  class space    used 5455K, capacity 6291K, committed 6400K, reserved 1048576K
}
Event: 2158.392 GC heap before
{Heap before GC invocations=17 (full 2):
 def new generation   total 39424K, used 37955K [0x00000000e0000000, 0x00000000e2ac0000, 0x00000000eaaa0000)
  eden space 35072K, 100% used [0x00000000e0000000, 0x00000000e2240000, 0x00000000e2240000)
  from space 4352K,  66% used [0x00000000e2680000, 0x00000000e2950de8, 0x00000000e2ac0000)
  to   space 4352K,   0% used [0x00000000e2240000, 0x00000000e2240000, 0x00000000e2680000)
 tenured generation   total 87424K, used 24532K [0x00000000eaaa0000, 0x00000000f0000000, 0x0000000100000000)
   the space 87424K,  28% used [0x00000000eaaa0000, 0x00000000ec295068, 0x00000000ec295200, 0x00000000f0000000)
 Metaspace       used 45103K, capacity 47174K, committed 47528K, reserved 1091584K
  class space    used 5455K, capacity 6291K, committed 6400K, reserved 1048576K
}
Event: 2158.422 GC heap after
{Heap after GC invocations=18 (full 2):
 def new generation   total 39424K, used 880K [0x00000000e0000000, 0x00000000e2ac0000, 0x00000000eaaa0000)
  eden space 35072K,   0% used [0x00000000e0000000, 0x00000000e0000000, 0x00000000e2240000)
  from space 4352K,  20% used [0x00000000e2240000, 0x00000000e231c000, 0x00000000e2680000)
  to   space 4352K,   0% used [0x00000000e2680000, 0x00000000e2680000, 0x00000000e2ac0000)
 tenured generation   total 87424K, used 27224K [0x00000000eaaa0000, 0x00000000f0000000, 0x0000000100000000)
   the space 87424K,  31% used [0x00000000eaaa0000, 0x00000000ec536240, 0x00000000ec536400, 0x00000000f0000000)
 Metaspace       used 45103K, capacity 47174K, committed 47528K, reserved 1091584K
  class space    used 5455K, capacity 6291K, committed 6400K, reserved 1048576K
}

